26.05.2017 00:07:38 : ##### hdmbot started #####
26.05.2017 00:08:29 : (867864975464943616) thisispatman: @hfeistos Gute Nacht #hdmbot! ❤️
26.05.2017 00:10:32 : (867865491720871936) thisispatman: @hfeistos Gute Nacht #hdmbot! ❤️ 
26.05.2017 00:10:32 : (867865491720871936) processing image(s)...
26.05.2017 00:10:32 : (867865491720871936) posting processed image
26.05.2017 00:10:32 : PARAMS: {'status': '@thisispatman #medianight #socialbots'}
26.05.2017 01:04:29 : (867879069035241472) thisispatman: @hfeistos Hi! 
26.05.2017 01:04:29 : (867879069035241472) processing image(s)...
26.05.2017 01:04:29 : (867879069035241472) posting processed image
26.05.2017 01:04:29 : PARAMS: {'status': '@thisispatman #medianight #socialbots'}
26.05.2017 02:04:05 : (867894067325042688) thisispatman: @hfeistos Der Twitterbot läuft und läuft und läuft und ... 
26.05.2017 02:04:05 : (867894067325042688) processing image(s)...
26.05.2017 02:04:06 : (867894067325042688) posting processed image
26.05.2017 02:04:06 : PARAMS: {'status': '@thisispatman #medianight #socialbots'}
26.05.2017 02:06:07 : (867894582113128448) thisispatman: @hfeistos "Was geht so?"
26.05.2017 02:07:05 : (867894824950611968) thisispatman: @hfeistos "Was geht so?" 
26.05.2017 02:07:05 : (867894824950611968) processing image(s)...
26.05.2017 02:07:06 : (867894824950611968) posting processed image
26.05.2017 02:07:06 : PARAMS: {'status': '@thisispatman #medianight #socialbots'}
26.05.2017 02:08:09 : (867895092081602560) thisispatman: @hfeistos noch'n test mit einfachen Anführungszeichen 
26.05.2017 02:08:09 : (867895092081602560) processing image(s)...
26.05.2017 02:08:10 : (867895092081602560) posting processed image
26-05-2017  2:08:10 : ##### hdmbot stopped #####
26.05.2017 02:08:11 : ##### hdmbot started #####
26.05.2017 18:37:18 : (868144017137176576) thisispatman: @hfeistos Läuft immernoch? 
26.05.2017 18:37:18 : (868144017137176576) processing image(s)...
26.05.2017 18:37:19 : (868144017137176576) posting processed image
26.05.2017 18:37:19 : PARAMS: {'status': '@thisispatman #medianight #socialbots'}
26.05.2017 22:44:46 : (868206295626678274) thisispatman: @hfeistos hackersports. olol. lustig! 
26.05.2017 22:44:46 : (868206295626678274) processing image(s)...
26.05.2017 22:44:47 : (868206295626678274) posting processed image
26.05.2017 22:44:47 : PARAMS: {'status': '@thisispatman #medianight #socialbots'}
26.05.2017 22:46:52 : (868206823928721410) thisispatman: @hfeistos 'hallo' 
26.05.2017 22:46:52 : (868206823928721410) processing image(s)...
26.05.2017 22:46:52 : (868206823928721410) posting processed image
26.05.2017 22:46:52 : PARAMS: {'status': '@thisispatman #medianight #socialbots'}
